# JRE version: Java(TM) SE Runtime Environment 18.9 (11.0.21+9) (build 11.0.21+9-LTS-193)
# Java VM: Java HotSpot(TM) 64-Bit Server VM 18.9 (11.0.21+9-LTS-193, mixed mode, tiered, compressed oops, g1 gc, windows-amd64)
Heap:
 garbage-first heap   total 305152K, used 29420K [0x0000000709800000, 0x0000000800000000)
  region size 1024K, 5 young (5120K), 3 survivors (3072K)
 Metaspace       used 36052K, capacity 36775K, committed 36864K, reserved 1081344K
  class space    used 3744K, capacity 4033K, committed 4096K, reserved 1048576K
GC Heap History (10 events):
Event: 0.670 GC heap before
{Heap before GC invocations=0 (full 0):
 garbage-first heap   total 253952K, used 24576K [0x0000000709800000, 0x0000000800000000)
  region size 1024K, 24 young (24576K), 0 survivors (0K)
 Metaspace       used 13846K, capacity 14113K, committed 14208K, reserved 1062912K
  class space    used 1302K, capacity 1384K, committed 1408K, reserved 1048576K
}
Event: 0.674 GC heap after
{Heap after GC invocations=1 (full 0):
 garbage-first heap   total 253952K, used 9078K [0x0000000709800000, 0x0000000800000000)
  region size 1024K, 3 young (3072K), 3 survivors (3072K)
 Metaspace       used 13846K, capacity 14113K, committed 14208K, reserved 1062912K
  class space    used 1302K, capacity 1384K, committed 1408K, reserved 1048576K
}
Event: 1.021 GC heap before
{Heap before GC invocations=1 (full 0):
 garbage-first heap   total 253952K, used 52086K [0x0000000709800000, 0x0000000800000000)
  region size 1024K, 45 young (46080K), 3 survivors (3072K)
 Metaspace       used 19539K, capacity 19834K, committed 20096K, reserved 1067008K
  class space    used 1947K, capacity 2052K, committed 2176K, reserved 1048576K
}
Event: 1.025 GC heap after
{Heap after GC invocations=2 (full 0):
 garbage-first heap   total 253952K, used 14825K [0x0000000709800000, 0x0000000800000000)
  region size 1024K, 6 young (6144K), 6 survivors (6144K)
 Metaspace       used 19539K, capacity 19834K, committed 20096K, reserved 1067008K
  class space    used 1947K, capacity 2052K, committed 2176K, reserved 1048576K
}
Event: 1.123 GC heap before
{Heap before GC invocations=2 (full 0):
 garbage-first heap   total 253952K, used 23017K [0x0000000709800000, 0x0000000800000000)
  region size 1024K, 15 young (15360K), 6 survivors (6144K)
 Metaspace       used 20919K, capacity 21158K, committed 21248K, reserved 1069056K
  class space    used 2115K, capacity 2216K, committed 2304K, reserved 1048576K
}
Event: 1.131 GC heap after
{Heap after GC invocations=3 (full 0):
 garbage-first heap   total 253952K, used 16008K [0x0000000709800000, 0x0000000800000000)
  region size 1024K, 5 young (5120K), 5 survivors (5120K)
 Metaspace       used 20919K, capacity 21158K, committed 21248K, reserved 1069056K
  class space    used 2115K, capacity 2216K, committed 2304K, reserved 1048576K
}
Event: 1.341 GC heap before
{Heap before GC invocations=4 (full 0):
 garbage-first heap   total 253952K, used 55944K [0x0000000709800000, 0x0000000800000000)
  region size 1024K, 45 young (46080K), 5 survivors (5120K)
 Metaspace       used 23978K, capacity 24384K, committed 24704K, reserved 1071104K
  class space    used 2421K, capacity 2577K, committed 2688K, reserved 1048576K
}
Event: 1.345 GC heap after
{Heap after GC invocations=5 (full 0):
 garbage-first heap   total 253952K, used 26287K [0x0000000709800000, 0x0000000800000000)
  region size 1024K, 6 young (6144K), 6 survivors (6144K)
 Metaspace       used 23978K, capacity 24384K, committed 24704K, reserved 1071104K
  class space    used 2421K, capacity 2577K, committed 2688K, reserved 1048576K
}
Event: 1.878 GC heap before
{Heap before GC invocations=5 (full 0):
 garbage-first heap   total 253952K, used 77487K [0x0000000709800000, 0x0000000800000000)
  region size 1024K, 57 young (58368K), 6 survivors (6144K)
 Metaspace       used 35122K, capacity 35740K, committed 35840K, reserved 1081344K
  class space    used 3635K, capacity 3898K, committed 3968K, reserved 1048576K
}
Event: 1.884 GC heap after
{Heap after GC invocations=6 (full 0):
 garbage-first heap   total 305152K, used 28396K [0x0000000709800000, 0x0000000800000000)
  region size 1024K, 3 young (3072K), 3 survivors (3072K)
 Metaspace       used 35122K, capacity 35740K, committed 35840K, reserved 1081344K
  class space    used 3635K, capacity 3898K, committed 3968K, reserved 1048576K
}

