# JRE version: Java(TM) SE Runtime Environment 18.9 (11.0.21+9) (build 11.0.21+9-LTS-193)
# Java VM: Java HotSpot(TM) 64-Bit Server VM 18.9 (11.0.21+9-LTS-193, mixed mode, tiered, compressed oops, g1 gc, windows-amd64)
Heap:
 garbage-first heap   total 253952K, used 29618K [0x0000000709800000, 0x0000000800000000)
  region size 1024K, 19 young (19456K), 4 survivors (4096K)
 Metaspace       used 22756K, capacity 23133K, committed 23296K, reserved 1071104K
  class space    used 2326K, capacity 2492K, committed 2560K, reserved 1048576K
GC Heap History (8 events):
Event: 0.643 GC heap before
{Heap before GC invocations=0 (full 0):
 garbage-first heap   total 253952K, used 24576K [0x0000000709800000, 0x0000000800000000)
  region size 1024K, 24 young (24576K), 0 survivors (0K)
 Metaspace       used 13862K, capacity 14178K, committed 14208K, reserved 1062912K
  class space    used 1303K, capacity 1384K, committed 1408K, reserved 1048576K
}
Event: 0.648 GC heap after
{Heap after GC invocations=1 (full 0):
 garbage-first heap   total 253952K, used 8950K [0x0000000709800000, 0x0000000800000000)
  region size 1024K, 3 young (3072K), 3 survivors (3072K)
 Metaspace       used 13862K, capacity 14178K, committed 14208K, reserved 1062912K
  class space    used 1303K, capacity 1384K, committed 1408K, reserved 1048576K
}
Event: 0.680 GC heap before
{Heap before GC invocations=1 (full 0):
 garbage-first heap   total 253952K, used 18166K [0x0000000709800000, 0x0000000800000000)
  region size 1024K, 12 young (12288K), 3 survivors (3072K)
 Metaspace       used 13999K, capacity 14308K, committed 14464K, reserved 1062912K
  class space    used 1303K, capacity 1384K, committed 1408K, reserved 1048576K
}
Event: 0.683 GC heap after
{Heap after GC invocations=2 (full 0):
 garbage-first heap   total 253952K, used 11198K [0x0000000709800000, 0x0000000800000000)
  region size 1024K, 2 young (2048K), 2 survivors (2048K)
 Metaspace       used 13999K, capacity 14308K, committed 14464K, reserved 1062912K
  class space    used 1303K, capacity 1384K, committed 1408K, reserved 1048576K
}
Event: 0.995 GC heap before
{Heap before GC invocations=2 (full 0):
 garbage-first heap   total 253952K, used 43966K [0x0000000709800000, 0x0000000800000000)
  region size 1024K, 35 young (35840K), 2 survivors (2048K)
 Metaspace       used 19536K, capacity 19834K, committed 20096K, reserved 1067008K
  class space    used 1947K, capacity 2052K, committed 2176K, reserved 1048576K
}
Event: 0.998 GC heap after
{Heap after GC invocations=3 (full 0):
 garbage-first heap   total 253952K, used 14890K [0x0000000709800000, 0x0000000800000000)
  region size 1024K, 5 young (5120K), 5 survivors (5120K)
 Metaspace       used 19536K, capacity 19834K, committed 20096K, reserved 1067008K
  class space    used 1947K, capacity 2052K, committed 2176K, reserved 1048576K
}
Event: 1.086 GC heap before
{Heap before GC invocations=3 (full 0):
 garbage-first heap   total 253952K, used 23082K [0x0000000709800000, 0x0000000800000000)
  region size 1024K, 14 young (14336K), 5 survivors (5120K)
 Metaspace       used 20920K, capacity 21158K, committed 21248K, reserved 1069056K
  class space    used 2116K, capacity 2216K, committed 2304K, reserved 1048576K
}
Event: 1.088 GC heap after
{Heap after GC invocations=4 (full 0):
 garbage-first heap   total 253952K, used 15282K [0x0000000709800000, 0x0000000800000000)
  region size 1024K, 4 young (4096K), 4 survivors (4096K)
 Metaspace       used 20920K, capacity 21158K, committed 21248K, reserved 1069056K
  class space    used 2116K, capacity 2216K, committed 2304K, reserved 1048576K
}

