# JRE version: Java(TM) SE Runtime Environment 18.9 (11.0.21+9) (build 11.0.21+9-LTS-193)
# Java VM: Java HotSpot(TM) 64-Bit Server VM 18.9 (11.0.21+9-LTS-193, mixed mode, tiered, compressed oops, g1 gc, windows-amd64)
Heap:
 garbage-first heap   total 305152K, used 187002K [0x0000000709800000, 0x0000000800000000)
  region size 1024K, 23 young (23552K), 13 survivors (13312K)
 Metaspace       used 44106K, capacity 45035K, committed 45312K, reserved 1089536K
  class space    used 4616K, capacity 5023K, committed 5120K, reserved 1048576K
GC Heap History (10 events):
Event: 1.097 GC heap before
{Heap before GC invocations=3 (full 0):
 garbage-first heap   total 253952K, used 23200K [0x0000000709800000, 0x0000000800000000)
  region size 1024K, 14 young (14336K), 5 survivors (5120K)
 Metaspace       used 20920K, capacity 21158K, committed 21248K, reserved 1069056K
  class space    used 2116K, capacity 2216K, committed 2304K, reserved 1048576K
}
Event: 1.099 GC heap after
{Heap after GC invocations=4 (full 0):
 garbage-first heap   total 253952K, used 15380K [0x0000000709800000, 0x0000000800000000)
  region size 1024K, 4 young (4096K), 4 survivors (4096K)
 Metaspace       used 20920K, capacity 21158K, committed 21248K, reserved 1069056K
  class space    used 2116K, capacity 2216K, committed 2304K, reserved 1048576K
}
Event: 1.394 GC heap before
{Heap before GC invocations=5 (full 0):
 garbage-first heap   total 253952K, used 66580K [0x0000000709800000, 0x0000000800000000)
  region size 1024K, 55 young (56320K), 4 survivors (4096K)
 Metaspace       used 26160K, capacity 26686K, committed 26880K, reserved 1073152K
  class space    used 2571K, capacity 2770K, committed 2816K, reserved 1048576K
}
Event: 1.398 GC heap after
{Heap after GC invocations=6 (full 0):
 garbage-first heap   total 253952K, used 25344K [0x0000000709800000, 0x0000000800000000)
  region size 1024K, 7 young (7168K), 7 survivors (7168K)
 Metaspace       used 26160K, capacity 26686K, committed 26880K, reserved 1073152K
  class space    used 2571K, capacity 2770K, committed 2816K, reserved 1048576K
}
Event: 1.869 GC heap before
{Heap before GC invocations=6 (full 0):
 garbage-first heap   total 253952K, used 63232K [0x0000000709800000, 0x0000000800000000)
  region size 1024K, 45 young (46080K), 7 survivors (7168K)
 Metaspace       used 35065K, capacity 35755K, committed 35840K, reserved 1081344K
  class space    used 3627K, capacity 3924K, committed 3968K, reserved 1048576K
}
Event: 1.872 GC heap after
{Heap after GC invocations=7 (full 0):
 garbage-first heap   total 253952K, used 26942K [0x0000000709800000, 0x0000000800000000)
  region size 1024K, 9 young (9216K), 9 survivors (9216K)
 Metaspace       used 35065K, capacity 35755K, committed 35840K, reserved 1081344K
  class space    used 3627K, capacity 3924K, committed 3968K, reserved 1048576K
}
Event: 3770.876 GC heap before
{Heap before GC invocations=8 (full 0):
 garbage-first heap   total 253952K, used 119102K [0x0000000709800000, 0x0000000800000000)
  region size 1024K, 98 young (100352K), 9 survivors (9216K)
 Metaspace       used 44105K, capacity 45035K, committed 45312K, reserved 1089536K
  class space    used 4616K, capacity 5023K, committed 5120K, reserved 1048576K
}
Event: 3770.914 GC heap after
{Heap after GC invocations=9 (full 0):
 garbage-first heap   total 305152K, used 80516K [0x0000000709800000, 0x0000000800000000)
  region size 1024K, 13 young (13312K), 13 survivors (13312K)
 Metaspace       used 44105K, capacity 45035K, committed 45312K, reserved 1089536K
  class space    used 4616K, capacity 5023K, committed 5120K, reserved 1048576K
}
Event: 3771.008 GC heap before
{Heap before GC invocations=10 (full 0):
 garbage-first heap   total 305152K, used 178820K [0x0000000709800000, 0x0000000800000000)
  region size 1024K, 103 young (105472K), 13 survivors (13312K)
 Metaspace       used 44106K, capacity 45035K, committed 45312K, reserved 1089536K
  class space    used 4616K, capacity 5023K, committed 5120K, reserved 1048576K
}
Event: 3771.042 GC heap after
{Heap after GC invocations=11 (full 0):
 garbage-first heap   total 305152K, used 178810K [0x0000000709800000, 0x0000000800000000)
  region size 1024K, 13 young (13312K), 13 survivors (13312K)
 Metaspace       used 44106K, capacity 45035K, committed 45312K, reserved 1089536K
  class space    used 4616K, capacity 5023K, committed 5120K, reserved 1048576K
}

