# JRE version: Java(TM) SE Runtime Environment 18.9 (11.0.21+9) (build 11.0.21+9-LTS-193)
# Java VM: Java HotSpot(TM) 64-Bit Server VM 18.9 (11.0.21+9-LTS-193, mixed mode, tiered, compressed oops, g1 gc, windows-amd64)
Heap:
 garbage-first heap   total 338944K, used 51514K [0x0000000709800000, 0x0000000800000000)
  region size 1024K, 28 young (28672K), 9 survivors (9216K)
 Metaspace       used 43347K, capacity 44274K, committed 44544K, reserved 1089536K
  class space    used 4590K, capacity 5004K, committed 5120K, reserved 1048576K
GC Heap History (10 events):
Event: 0.686 GC heap before
{Heap before GC invocations=1 (full 0):
 garbage-first heap   total 253952K, used 18457K [0x0000000709800000, 0x0000000800000000)
  region size 1024K, 12 young (12288K), 3 survivors (3072K)
 Metaspace       used 14020K, capacity 14308K, committed 14464K, reserved 1062912K
  class space    used 1302K, capacity 1384K, committed 1408K, reserved 1048576K
}
Event: 0.690 GC heap after
{Heap after GC invocations=2 (full 0):
 garbage-first heap   total 253952K, used 11386K [0x0000000709800000, 0x0000000800000000)
  region size 1024K, 2 young (2048K), 2 survivors (2048K)
 Metaspace       used 14020K, capacity 14308K, committed 14464K, reserved 1062912K
  class space    used 1302K, capacity 1384K, committed 1408K, reserved 1048576K
}
Event: 0.980 GC heap before
{Heap before GC invocations=2 (full 0):
 garbage-first heap   total 253952K, used 44154K [0x0000000709800000, 0x0000000800000000)
  region size 1024K, 34 young (34816K), 2 survivors (2048K)
 Metaspace       used 19240K, capacity 19482K, committed 19712K, reserved 1067008K
  class space    used 1938K, capacity 2020K, committed 2048K, reserved 1048576K
}
Event: 0.988 GC heap after
{Heap after GC invocations=3 (full 0):
 garbage-first heap   total 253952K, used 15020K [0x0000000709800000, 0x0000000800000000)
  region size 1024K, 5 young (5120K), 5 survivors (5120K)
 Metaspace       used 19240K, capacity 19482K, committed 19712K, reserved 1067008K
  class space    used 1938K, capacity 2020K, committed 2048K, reserved 1048576K
}
Event: 1.134 GC heap before
{Heap before GC invocations=3 (full 0):
 garbage-first heap   total 253952K, used 24236K [0x0000000709800000, 0x0000000800000000)
  region size 1024K, 15 young (15360K), 5 survivors (5120K)
 Metaspace       used 20918K, capacity 21158K, committed 21248K, reserved 1069056K
  class space    used 2114K, capacity 2216K, committed 2304K, reserved 1048576K
}
Event: 1.136 GC heap after
{Heap after GC invocations=4 (full 0):
 garbage-first heap   total 253952K, used 15624K [0x0000000709800000, 0x0000000800000000)
  region size 1024K, 4 young (4096K), 4 survivors (4096K)
 Metaspace       used 20918K, capacity 21158K, committed 21248K, reserved 1069056K
  class space    used 2114K, capacity 2216K, committed 2304K, reserved 1048576K
}
Event: 1.430 GC heap before
{Heap before GC invocations=5 (full 0):
 garbage-first heap   total 253952K, used 65800K [0x0000000709800000, 0x0000000800000000)
  region size 1024K, 54 young (55296K), 4 survivors (4096K)
 Metaspace       used 25593K, capacity 26084K, committed 26368K, reserved 1073152K
  class space    used 2539K, capacity 2718K, committed 2816K, reserved 1048576K
}
Event: 1.450 GC heap after
{Heap after GC invocations=6 (full 0):
 garbage-first heap   total 253952K, used 25472K [0x0000000709800000, 0x0000000800000000)
  region size 1024K, 7 young (7168K), 7 survivors (7168K)
 Metaspace       used 25593K, capacity 26084K, committed 26368K, reserved 1073152K
  class space    used 2539K, capacity 2718K, committed 2816K, reserved 1048576K
}
Event: 1.916 GC heap before
{Heap before GC invocations=6 (full 0):
 garbage-first heap   total 253952K, used 65408K [0x0000000709800000, 0x0000000800000000)
  region size 1024K, 47 young (48128K), 7 survivors (7168K)
 Metaspace       used 35110K, capacity 35763K, committed 35840K, reserved 1081344K
  class space    used 3615K, capacity 3905K, committed 3968K, reserved 1048576K
}
Event: 1.927 GC heap after
{Heap after GC invocations=7 (full 0):
 garbage-first heap   total 338944K, used 26938K [0x0000000709800000, 0x0000000800000000)
  region size 1024K, 9 young (9216K), 9 survivors (9216K)
 Metaspace       used 35110K, capacity 35763K, committed 35840K, reserved 1081344K
  class space    used 3615K, capacity 3905K, committed 3968K, reserved 1048576K
}

