# JRE version: Java(TM) SE Runtime Environment 18.9 (11.0.21+9) (build 11.0.21+9-LTS-193)
# Java VM: Java HotSpot(TM) 64-Bit Server VM 18.9 (11.0.21+9-LTS-193, mixed mode, tiered, compressed oops, g1 gc, windows-amd64)
Heap:
 garbage-first heap   total 305152K, used 28054K [0x0000000709800000, 0x0000000800000000)
  region size 1024K, 3 young (3072K), 3 survivors (3072K)
 Metaspace       used 35115K, capacity 35712K, committed 35840K, reserved 1081344K
  class space    used 3627K, capacity 3888K, committed 3968K, reserved 1048576K
GC Heap History (9 events):
Event: 0.665 GC heap before
{Heap before GC invocations=0 (full 0):
 garbage-first heap   total 253952K, used 24576K [0x0000000709800000, 0x0000000800000000)
  region size 1024K, 24 young (24576K), 0 survivors (0K)
 Metaspace       used 13864K, capacity 14178K, committed 14208K, reserved 1062912K
  class space    used 1303K, capacity 1384K, committed 1408K, reserved 1048576K
}
Event: 0.670 GC heap after
{Heap after GC invocations=1 (full 0):
 garbage-first heap   total 253952K, used 8985K [0x0000000709800000, 0x0000000800000000)
  region size 1024K, 3 young (3072K), 3 survivors (3072K)
 Metaspace       used 13864K, capacity 14178K, committed 14208K, reserved 1062912K
  class space    used 1303K, capacity 1384K, committed 1408K, reserved 1048576K
}
Event: 1.020 GC heap before
{Heap before GC invocations=1 (full 0):
 garbage-first heap   total 253952K, used 51993K [0x0000000709800000, 0x0000000800000000)
  region size 1024K, 45 young (46080K), 3 survivors (3072K)
 Metaspace       used 19541K, capacity 19834K, committed 20096K, reserved 1067008K
  class space    used 1948K, capacity 2052K, committed 2176K, reserved 1048576K
}
Event: 1.025 GC heap after
{Heap after GC invocations=2 (full 0):
 garbage-first heap   total 253952K, used 15064K [0x0000000709800000, 0x0000000800000000)
  region size 1024K, 6 young (6144K), 6 survivors (6144K)
 Metaspace       used 19541K, capacity 19834K, committed 20096K, reserved 1067008K
  class space    used 1948K, capacity 2052K, committed 2176K, reserved 1048576K
}
Event: 1.115 GC heap before
{Heap before GC invocations=2 (full 0):
 garbage-first heap   total 253952K, used 24280K [0x0000000709800000, 0x0000000800000000)
  region size 1024K, 16 young (16384K), 6 survivors (6144K)
 Metaspace       used 20921K, capacity 21158K, committed 21248K, reserved 1069056K
  class space    used 2117K, capacity 2216K, committed 2304K, reserved 1048576K
}
Event: 1.120 GC heap after
{Heap after GC invocations=3 (full 0):
 garbage-first heap   total 253952K, used 16431K [0x0000000709800000, 0x0000000800000000)
  region size 1024K, 5 young (5120K), 5 survivors (5120K)
 Metaspace       used 20921K, capacity 21158K, committed 21248K, reserved 1069056K
  class space    used 2117K, capacity 2216K, committed 2304K, reserved 1048576K
}
Event: 1.336 GC heap before
{Heap before GC invocations=4 (full 0):
 garbage-first heap   total 253952K, used 50223K [0x0000000709800000, 0x0000000800000000)
  region size 1024K, 39 young (39936K), 5 survivors (5120K)
 Metaspace       used 23942K, capacity 24357K, committed 24704K, reserved 1071104K
  class space    used 2417K, capacity 2568K, committed 2688K, reserved 1048576K
}
Event: 1.340 GC heap after
{Heap after GC invocations=5 (full 0):
 garbage-first heap   total 253952K, used 25559K [0x0000000709800000, 0x0000000800000000)
  region size 1024K, 5 young (5120K), 5 survivors (5120K)
 Metaspace       used 23942K, capacity 24357K, committed 24704K, reserved 1071104K
  class space    used 2417K, capacity 2568K, committed 2688K, reserved 1048576K
}
Event: 1.872 GC heap before
{Heap before GC invocations=5 (full 0):
 garbage-first heap   total 253952K, used 82903K [0x0000000709800000, 0x0000000800000000)
  region size 1024K, 62 young (63488K), 5 survivors (5120K)
 Metaspace       used 35115K, capacity 35712K, committed 35840K, reserved 1081344K
  class space    used 3627K, capacity 3888K, committed 3968K, reserved 1048576K
}

